Using pre-set license
Built from '2020.3/staging' branch; Version is '2020.3.4f1 (0abb6314276a) revision 703331'; Using compiler version '192528614'; Build Type 'Release'
OS: 'Windows 10 Pro; OS build 19042.928; Version 2009; 64bit' Language: 'pt' Physical Memory: 6014 MB
BatchMode: 1, IsHumanControllingUs: 0, StartBugReporterOnCrash: 0, Is64bit: 1, IsPro: 0

 COMMAND LINE ARGUMENTS:
C:\Program Files\Unity\Hub\Editor\2020.3.4f1\Editor\Unity.exe
-adb2
-batchMode
-noUpm
-name
AssetImportWorker0
-projectPath
D:/Dev/Unity/2020.3.4f1/CGA/cga-2021
-logFile
Logs/AssetImportWorker0.log
-srvPort
64503
Successfully changed project path to: D:/Dev/Unity/2020.3.4f1/CGA/cga-2021
D:/Dev/Unity/2020.3.4f1/CGA/cga-2021
Using Asset Import Pipeline V2.
Refreshing native plugins compatible for Editor in 67.98 ms, found 0 plugins.
Preloading 0 native plugins for Editor in 0.00 ms.
Initialize engine version: 2020.3.4f1 (0abb6314276a)
[Subsystems] Discovering subsystems at path C:/Program Files/Unity/Hub/Editor/2020.3.4f1/Editor/Data/Resources/UnitySubsystems
[Subsystems] Discovering subsystems at path D:/Dev/Unity/2020.3.4f1/CGA/cga-2021/Assets
GfxDevice: creating device client; threaded=0
Direct3D:
    Version:  Direct3D 11.0 [level 11.0]
    Renderer: NVIDIA GeForce GT 730 (ID=0x1287)
    Vendor:   
    VRAM:     2007 MB
    Driver:   27.21.14.5671
Initialize mono
Mono path[0] = 'C:/Program Files/Unity/Hub/Editor/2020.3.4f1/Editor/Data/Managed'
Mono path[1] = 'C:/Program Files/Unity/Hub/Editor/2020.3.4f1/Editor/Data/MonoBleedingEdge/lib/mono/unityjit'
Mono config path = 'C:/Program Files/Unity/Hub/Editor/2020.3.4f1/Editor/Data/MonoBleedingEdge/etc'
Using monoOptions --debugger-agent=transport=dt_socket,embedding=1,server=y,suspend=n,address=127.0.0.1:56284
Begin MonoManager ReloadAssembly
Registering precompiled unity dll's ...
Register platform support module: C:/Program Files/Unity/Hub/Editor/2020.3.4f1/Editor/Data/PlaybackEngines/WindowsStandaloneSupport/UnityEditor.WindowsStandalone.Extensions.dll
Registered in 0.004809 seconds.
Native extension for WindowsStandalone target not found
Refreshing native plugins compatible for Editor in 56.49 ms, found 0 plugins.
Preloading 0 native plugins for Editor in 0.00 ms.
Mono: successfully reloaded assembly
- Completed reload, in  4.631 seconds
Platform modules already initialized, skipping
Registering precompiled user dll's ...
Registered in 0.001205 seconds.
Begin MonoManager ReloadAssembly
Native extension for WindowsStandalone target not found
Refreshing native plugins compatible for Editor in 0.43 ms, found 0 plugins.
Preloading 0 native plugins for Editor in 0.00 ms.
Mono: successfully reloaded assembly
- Completed reload, in  1.995 seconds
Platform modules already initialized, skipping
========================================================================
Worker process is ready to serve import requests
Launched and connected shader compiler UnityShaderCompiler.exe after 0.25 seconds
Refreshing native plugins compatible for Editor in 0.43 ms, found 0 plugins.
Preloading 0 native plugins for Editor in 0.00 ms.
Unloading 1115 Unused Serialized files (Serialized files now loaded: 0)
System memory in use before: 57.2 MB.
System memory in use after: 57.3 MB.

Unloading 10 unused Assets to reduce memory usage. Loaded Objects now: 1557.
Total: 3.562800 ms (FindLiveObjects: 0.397400 ms CreateObjectMapping: 0.107600 ms MarkObjects: 2.877900 ms  DeleteObjects: 0.174800 ms)

========================================================================
Received Import Request.
  path: Assets
  artifactKey: Guid(00000000000000001000000000000000) Importer(815301076,1909f56bfc062723c751e8b465ee728b)
Start importing Assets using Guid(00000000000000001000000000000000) Importer(815301076,1909f56bfc062723c751e8b465ee728b)  -> (artifact id: '025e4f587c23674256bb898581e82961') in 0.016483 seconds
  Import took 0.020430 seconds .

========================================================================
Received Import Request.
  Time since last request: 2.905973 seconds.
  path: Assets/Material
  artifactKey: Guid(c7f19668e3b35aa42aa02e404d774b61) Importer(815301076,1909f56bfc062723c751e8b465ee728b)
Start importing Assets/Material using Guid(c7f19668e3b35aa42aa02e404d774b61) Importer(815301076,1909f56bfc062723c751e8b465ee728b)  -> (artifact id: '3b8643567b823ad99c3a8078daa43d1a') in 0.015140 seconds
  Import took 0.019263 seconds .

========================================================================
Received Import Request.
  Time since last request: 194.441717 seconds.
  path: Assets/Material/Verde.mat
  artifactKey: Guid(15a02d9286af5ed4780b5a46354ef325) Importer(815301076,1909f56bfc062723c751e8b465ee728b)
Start importing Assets/Material/Verde.mat using Guid(15a02d9286af5ed4780b5a46354ef325) Importer(815301076,1909f56bfc062723c751e8b465ee728b)  -> (artifact id: 'f5f08a040e5942610c20868ae1689310') in 0.297896 seconds
  Import took 0.302242 seconds .

========================================================================
Received Import Request.
  Time since last request: 10.223097 seconds.
  path: Assets/Material/Vermelho.mat
  artifactKey: Guid(b0cc068744255d644a0f291fc3a06cb3) Importer(815301076,1909f56bfc062723c751e8b465ee728b)
Start importing Assets/Material/Vermelho.mat using Guid(b0cc068744255d644a0f291fc3a06cb3) Importer(815301076,1909f56bfc062723c751e8b465ee728b)  -> (artifact id: 'cfafa6290b3e34e2ee075f6db0775999') in 0.050396 seconds
  Import took 0.054926 seconds .

========================================================================
Received Import Request.
  Time since last request: 45.340747 seconds.
  path: Assets/Material/Branco.mat
  artifactKey: Guid(fda4543872ab43644a1d75f12029b074) Importer(815301076,1909f56bfc062723c751e8b465ee728b)
Start importing Assets/Material/Branco.mat using Guid(fda4543872ab43644a1d75f12029b074) Importer(815301076,1909f56bfc062723c751e8b465ee728b)  -> (artifact id: 'b639e0b809f62c7507218b557f21ae3a') in 0.058592 seconds
  Import took 0.063617 seconds .

========================================================================
Received Import Request.
  Time since last request: 88.075150 seconds.
  path: Assets/Material/Luz.mat
  artifactKey: Guid(a468fe2163d0cce4eafc03f08cbdb207) Importer(815301076,1909f56bfc062723c751e8b465ee728b)
Start importing Assets/Material/Luz.mat using Guid(a468fe2163d0cce4eafc03f08cbdb207) Importer(815301076,1909f56bfc062723c751e8b465ee728b)  -> (artifact id: 'ce106db9f3255ffadc2b470a079b6ac1') in 0.050935 seconds
  Import took 0.055472 seconds .

AssetImportWorkerClient::OnTransportError - code=2 error=End of file
